Using pre-set license
Built from '2020.3/release' branch; Version is '2020.3.27f1 (e759542391ea) revision 15161684'; Using compiler version '192528614'; Build Type 'Release'
OS: 'Windows 10  (10.0.19044) 64bit Core' Language: 'en' Physical Memory: 8026 MB
BatchMode: 1, IsHumanControllingUs: 0, StartBugReporterOnCrash: 0, Is64bit: 1, IsPro: 0

COMMAND LINE ARGUMENTS:
C:\Program Files\Unity\Hub\Editor\2020.3.27f1\Editor\Unity.exe
-adb2
-batchMode
-noUpm
-name
AssetImportWorker0
-projectPath
C:/Users/Aiden/git/4482 App 1/4482-app-1/4482-app-1
-logFile
Logs/AssetImportWorker0.log
-srvPort
59337
Successfully changed project path to: C:/Users/Aiden/git/4482 App 1/4482-app-1/4482-app-1
C:/Users/Aiden/git/4482 App 1/4482-app-1/4482-app-1
Using Asset Import Pipeline V2.
Refreshing native plugins compatible for Editor in 129.99 ms, found 3 plugins.
Preloading 0 native plugins for Editor in 0.00 ms.
Initialize engine version: 2020.3.27f1 (e759542391ea)
[Subsystems] Discovering subsystems at path C:/Program Files/Unity/Hub/Editor/2020.3.27f1/Editor/Data/Resources/UnitySubsystems
[Subsystems] Discovering subsystems at path C:/Users/Aiden/git/4482 App 1/4482-app-1/4482-app-1/Assets
GfxDevice: creating device client; threaded=0
Direct3D:
    Version:  Direct3D 11.0 [level 11.1]
    Renderer: Intel(R) UHD Graphics 620 (ID=0x5917)
    Vendor:   
    VRAM:     4013 MB
    Driver:   26.20.100.7926
Initialize mono
Mono path[0] = 'C:/Program Files/Unity/Hub/Editor/2020.3.27f1/Editor/Data/Managed'
Mono path[1] = 'C:/Program Files/Unity/Hub/Editor/2020.3.27f1/Editor/Data/MonoBleedingEdge/lib/mono/unityjit'
Mono config path = 'C:/Program Files/Unity/Hub/Editor/2020.3.27f1/Editor/Data/MonoBleedingEdge/etc'
Using monoOptions --debugger-agent=transport=dt_socket,embedding=1,server=y,suspend=n,address=127.0.0.1:56680
Begin MonoManager ReloadAssembly
Registering precompiled unity dll's ...
Register platform support module: C:/Program Files/Unity/Hub/Editor/2020.3.27f1/Editor/Data/PlaybackEngines/WindowsStandaloneSupport/UnityEditor.WindowsStandalone.Extensions.dll
Registered in 0.006264 seconds.
Native extension for WindowsStandalone target not found
Refreshing native plugins compatible for Editor in 120.23 ms, found 3 plugins.
Preloading 0 native plugins for Editor in 0.00 ms.
Mono: successfully reloaded assembly
- Completed reload, in  1.490 seconds
Domain Reload Profiling:
	ReloadAssembly (1490ms)
		BeginReloadAssembly (179ms)
			ExecutionOrderSort (0ms)
			DisableScriptedObjects (0ms)
			BackupInstance (0ms)
			ReleaseScriptingObjects (0ms)
			CreateAndSetChildDomain (3ms)
		EndReloadAssembly (1122ms)
			LoadAssemblies (171ms)
			RebuildTransferFunctionScriptingTraits (0ms)
			SetupTypeCache (376ms)
			ReleaseScriptCaches (0ms)
			RebuildScriptCaches (61ms)
			SetupLoadedEditorAssemblies (445ms)
				LogAssemblyErrors (0ms)
				InitializePlatformSupportModulesInManaged (11ms)
				SetLoadedEditorAssemblies (0ms)
				RefreshPlugins (120ms)
				BeforeProcessingInitializeOnLoad (24ms)
				ProcessInitializeOnLoadAttributes (215ms)
				ProcessInitializeOnLoadMethodAttributes (75ms)
				AfterProcessingInitializeOnLoad (0ms)
				EditorAssembliesLoaded (0ms)
			ExecutionOrderSort2 (0ms)
			AwakeInstancesAfterBackupRestoration (0ms)
Platform modules already initialized, skipping
Registering precompiled user dll's ...
Registered in 0.015105 seconds.
Begin MonoManager ReloadAssembly
Native extension for WindowsStandalone target not found
Refreshing native plugins compatible for Editor in 119.17 ms, found 3 plugins.
Preloading 0 native plugins for Editor in 0.00 ms.
Mono: successfully reloaded assembly
- Completed reload, in  2.858 seconds
Domain Reload Profiling:
	ReloadAssembly (2860ms)
		BeginReloadAssembly (397ms)
			ExecutionOrderSort (0ms)
			DisableScriptedObjects (12ms)
			BackupInstance (0ms)
			ReleaseScriptingObjects (0ms)
			CreateAndSetChildDomain (41ms)
		EndReloadAssembly (2302ms)
			LoadAssemblies (248ms)
			RebuildTransferFunctionScriptingTraits (0ms)
			SetupTypeCache (782ms)
			ReleaseScriptCaches (1ms)
			RebuildScriptCaches (109ms)
			SetupLoadedEditorAssemblies (896ms)
				LogAssemblyErrors (0ms)
				InitializePlatformSupportModulesInManaged (10ms)
				SetLoadedEditorAssemblies (0ms)
				RefreshPlugins (119ms)
				BeforeProcessingInitializeOnLoad (192ms)
				ProcessInitializeOnLoadAttributes (510ms)
				ProcessInitializeOnLoadMethodAttributes (42ms)
				AfterProcessingInitializeOnLoad (22ms)
				EditorAssembliesLoaded (0ms)
			ExecutionOrderSort2 (0ms)
			AwakeInstancesAfterBackupRestoration (16ms)
Platform modules already initialized, skipping
========================================================================
Worker process is ready to serve import requests
Launched and connected shader compiler UnityShaderCompiler.exe after 0.12 seconds
Refreshing native plugins compatible for Editor in 0.97 ms, found 3 plugins.
Preloading 0 native plugins for Editor in 0.00 ms.
Unloading 2201 Unused Serialized files (Serialized files now loaded: 0)
System memory in use before: 96.1 MB.
System memory in use after: 96.0 MB.

Unloading 34 unused Assets to reduce memory usage. Loaded Objects now: 2630.
Total: 5.144000 ms (FindLiveObjects: 0.296000 ms CreateObjectMapping: 0.167400 ms MarkObjects: 4.359400 ms  DeleteObjects: 0.319500 ms)

AssetImportParameters requested are different than current active one (requested -> active):
  custom:framework-win-MediaFoundation: 216162199b28c13a410421893ffa2e32 -> 
  custom:video-decoder-ogg-theora: a1e56fd34408186e4bbccfd4996cb3dc -> 
  custom:container-muxer-webm: aa71ff27fc2769a1b78a27578f13a17b -> 
  custom:container-demuxer-webm: 4f35f7cbe854078d1ac9338744f61a02 -> 
  custom:container-demuxer-ogg: 62fdf1f143b41e24485cea50d1cbac27 -> 
  custom:video-encoder-webm-vp8: eb34c28f22e8b96e1ab97ce403110664 -> 
  custom:video-decoder-webm-vp8: 9c59270c3fd7afecdb556c50c9e8de78 -> 
  custom:audio-decoder-ogg-vorbis: bf7c407c2cedff20999df2af8eb42d56 -> 
  custom:audio-encoder-webm-vorbis: bf7c407c2cedff20999df2af8eb42d56 -> 
========================================================================
Received Import Request.
  path: Assets/_Prefabs/Bot.prefab
  artifactKey: Guid(524013cd9ac378541bf8d0d3ee151a44) Importer(815301076,1909f56bfc062723c751e8b465ee728b)
Start importing Assets/_Prefabs/Bot.prefab using Guid(524013cd9ac378541bf8d0d3ee151a44) Importer(815301076,1909f56bfc062723c751e8b465ee728b)  -> (artifact id: 'ea4575883150cb30a9a0ebede48c2d34') in 0.260607 seconds 
  Import took 0.270692 seconds .

========================================================================
Received Import Request.
  Time since last request: 53.669829 seconds.
  path: Assets/Art/Animations/AnimationClips
  artifactKey: Guid(2dceb00d54b369d4889d2daf5a884a57) Importer(815301076,1909f56bfc062723c751e8b465ee728b)
Start importing Assets/Art/Animations/AnimationClips using Guid(2dceb00d54b369d4889d2daf5a884a57) Importer(815301076,1909f56bfc062723c751e8b465ee728b)  -> (artifact id: 'b3f31c09148e766f780e1d71e3f9b5b4') in 0.016482 seconds 
  Import took 0.026000 seconds .

========================================================================
Received Import Request.
  Time since last request: 1.741576 seconds.
  path: Assets/Art/Animations/AnimationClips/Player
  artifactKey: Guid(f3cc884ead1a9b844804335eddacc621) Importer(815301076,1909f56bfc062723c751e8b465ee728b)
Start importing Assets/Art/Animations/AnimationClips/Player using Guid(f3cc884ead1a9b844804335eddacc621) Importer(815301076,1909f56bfc062723c751e8b465ee728b)  -> (artifact id: 'a955fd25213020ddc586c92ae09676f9') in 0.015667 seconds 
  Import took 0.026922 seconds .

========================================================================
Received Import Request.
  Time since last request: 15.943335 seconds.
  path: Assets/Art/Animations
  artifactKey: Guid(c2511782ee2ec2049bd34dd5311d72e0) Importer(815301076,1909f56bfc062723c751e8b465ee728b)
Start importing Assets/Art/Animations using Guid(c2511782ee2ec2049bd34dd5311d72e0) Importer(815301076,1909f56bfc062723c751e8b465ee728b)  -> (artifact id: 'b510a228b6367b06187e55095d50d124') in 0.022531 seconds 
  Import took 0.035945 seconds .

========================================================================
Received Import Request.
  Time since last request: 12.560579 seconds.
  path: Assets/Art/Animations/BotController.controller
  artifactKey: Guid(826922af3310f0c41b593c47b7fe2a85) Importer(815301076,1909f56bfc062723c751e8b465ee728b)
Start importing Assets/Art/Animations/BotController.controller using Guid(826922af3310f0c41b593c47b7fe2a85) Importer(815301076,1909f56bfc062723c751e8b465ee728b)  -> (artifact id: 'd90e40f1bd386a10ae04ac8d72961266') in 0.016501 seconds 
  Import took 0.022950 seconds .

========================================================================
Received Import Request.
  Time since last request: 21.634752 seconds.
  path: Assets/_Prefabs/Bot.prefab
  artifactKey: Guid(524013cd9ac378541bf8d0d3ee151a44) Importer(815301076,1909f56bfc062723c751e8b465ee728b)
Start importing Assets/_Prefabs/Bot.prefab using Guid(524013cd9ac378541bf8d0d3ee151a44) Importer(815301076,1909f56bfc062723c751e8b465ee728b) The Animator Controller (BotController) you have used is not valid. Animations will not play
UnityEngine.StackTraceUtility:ExtractStackTrace ()
UnityEditor.EditorUtility:Internal_InstantiateRemoveAllNonAnimationComponentsSingle (UnityEngine.Object,UnityEngine.Vector3,UnityEngine.Quaternion)
UnityEditor.EditorUtility:InstantiateRemoveAllNonAnimationComponents (UnityEngine.Object,UnityEngine.Vector3,UnityEngine.Quaternion)
UnityEditor.EditorUtility:InstantiateForAnimatorPreview (UnityEngine.Object)
UnityEditor.GameObjectInspector/PreviewData:UpdateGameObject (UnityEngine.Object)
UnityEditor.GameObjectInspector/PreviewData:.ctor (UnityEngine.Object)
UnityEditor.GameObjectInspector:GetPreviewData ()
UnityEditor.GameObjectInspector:RenderStaticPreview (string,UnityEngine.Object[],int,int)
UnityEditor.AssetPreviewUpdater:CreatePreviewForAsset (UnityEngine.Object,UnityEngine.Object[],string)

[C:\buildslave\unity\build\Modules/Animation/Director/AnimatorControllerPlayable.cpp line 333]

The Animator Controller (BotController) you have used is not valid. Animations will not play
UnityEngine.StackTraceUtility:ExtractStackTrace ()
UnityEditor.EditorUtility:InitInstantiatedPreviewRecursive (UnityEngine.GameObject)
UnityEditor.EditorUtility:InstantiateForAnimatorPreview (UnityEngine.Object)
UnityEditor.GameObjectInspector/PreviewData:UpdateGameObject (UnityEngine.Object)
UnityEditor.GameObjectInspector/PreviewData:.ctor (UnityEngine.Object)
UnityEditor.GameObjectInspector:GetPreviewData ()
UnityEditor.GameObjectInspector:RenderStaticPreview (string,UnityEngine.Object[],int,int)
UnityEditor.AssetPreviewUpdater:CreatePreviewForAsset (UnityEngine.Object,UnityEngine.Object[],string)

[C:\buildslave\unity\build\Modules/Animation/Director/AnimatorControllerPlayable.cpp line 333]

 -> (artifact id: '929e264d6dcb636a9fd9d35705b76468') in 0.020914 seconds 
  Import took 0.028050 seconds .

========================================================================
Received Import Request.
  Time since last request: 1916.456809 seconds.
  path: Assets/Art/Animations/BotController.controller
  artifactKey: Guid(826922af3310f0c41b593c47b7fe2a85) Importer(815301076,1909f56bfc062723c751e8b465ee728b)
Start importing Assets/Art/Animations/BotController.controller using Guid(826922af3310f0c41b593c47b7fe2a85) Importer(815301076,1909f56bfc062723c751e8b465ee728b)  -> (artifact id: 'b4e74f69f4c3bba6df3c00e67af65b79') in 0.012435 seconds 
  Import took 0.022630 seconds .

========================================================================
Received Import Request.
  Time since last request: 727.148881 seconds.
  path: Assets/__Scripts/EnemyController.cs
  artifactKey: Guid(399a172a5fd97374e846d191bf2b189e) Importer(815301076,1909f56bfc062723c751e8b465ee728b)
Start importing Assets/__Scripts/EnemyController.cs using Guid(399a172a5fd97374e846d191bf2b189e) Importer(815301076,1909f56bfc062723c751e8b465ee728b)  -> (artifact id: '37b718a791b5b18e1d8327dbf4e074ef') in 0.068561 seconds 
  Import took 0.075597 seconds .

========================================================================
Received Prepare
Registering precompiled user dll's ...
Registered in 0.006269 seconds.
Begin MonoManager ReloadAssembly
Native extension for WindowsStandalone target not found
Refreshing native plugins compatible for Editor in 1.01 ms, found 3 plugins.
Preloading 0 native plugins for Editor in 0.00 ms.
Mono: successfully reloaded assembly
- Completed reload, in  2.410 seconds
Domain Reload Profiling:
	ReloadAssembly (2411ms)
		BeginReloadAssembly (207ms)
			ExecutionOrderSort (0ms)
			DisableScriptedObjects (9ms)
			BackupInstance (0ms)
			ReleaseScriptingObjects (0ms)
			CreateAndSetChildDomain (61ms)
		EndReloadAssembly (2036ms)
			LoadAssemblies (222ms)
			RebuildTransferFunctionScriptingTraits (0ms)
			SetupTypeCache (765ms)
			ReleaseScriptCaches (2ms)
			RebuildScriptCaches (111ms)
			SetupLoadedEditorAssemblies (740ms)
				LogAssemblyErrors (0ms)
				InitializePlatformSupportModulesInManaged (11ms)
				SetLoadedEditorAssemblies (1ms)
				RefreshPlugins (1ms)
				BeforeProcessingInitializeOnLoad (168ms)
				ProcessInitializeOnLoadAttributes (509ms)
				ProcessInitializeOnLoadMethodAttributes (28ms)
				AfterProcessingInitializeOnLoad (21ms)
				EditorAssembliesLoaded (0ms)
			ExecutionOrderSort2 (0ms)
			AwakeInstancesAfterBackupRestoration (24ms)
Platform modules already initialized, skipping
Refreshing native plugins compatible for Editor in 0.99 ms, found 3 plugins.
Preloading 0 native plugins for Editor in 0.00 ms.
Unloading 2196 Unused Serialized files (Serialized files now loaded: 0)
System memory in use before: 99.2 MB.
System memory in use after: 99.2 MB.

Unloading 23 unused Assets to reduce memory usage. Loaded Objects now: 2639.
Total: 6.486100 ms (FindLiveObjects: 0.213000 ms CreateObjectMapping: 0.090400 ms MarkObjects: 5.948200 ms  DeleteObjects: 0.233400 ms)

AssetImportParameters requested are different than current active one (requested -> active):
  custom:framework-win-MediaFoundation: 216162199b28c13a410421893ffa2e32 -> 
  custom:video-decoder-ogg-theora: a1e56fd34408186e4bbccfd4996cb3dc -> 
  custom:container-muxer-webm: aa71ff27fc2769a1b78a27578f13a17b -> 
  custom:container-demuxer-webm: 4f35f7cbe854078d1ac9338744f61a02 -> 
  custom:container-demuxer-ogg: 62fdf1f143b41e24485cea50d1cbac27 -> 
  custom:video-encoder-webm-vp8: eb34c28f22e8b96e1ab97ce403110664 -> 
  custom:video-decoder-webm-vp8: 9c59270c3fd7afecdb556c50c9e8de78 -> 
  custom:audio-decoder-ogg-vorbis: bf7c407c2cedff20999df2af8eb42d56 -> 
  custom:audio-encoder-webm-vorbis: bf7c407c2cedff20999df2af8eb42d56 -> 
========================================================================
Received Import Request.
  Time since last request: 122.695093 seconds.
  path: Assets/__Scripts/EnemyController.cs
  artifactKey: Guid(399a172a5fd97374e846d191bf2b189e) Importer(815301076,1909f56bfc062723c751e8b465ee728b)
Start importing Assets/__Scripts/EnemyController.cs using Guid(399a172a5fd97374e846d191bf2b189e) Importer(815301076,1909f56bfc062723c751e8b465ee728b)  -> (artifact id: '237639193b18a3c7733ce27180d3be86') in 0.019310 seconds 
  Import took 0.031929 seconds .

========================================================================
Received Import Request.
  Time since last request: 27.594849 seconds.
  path: Assets/Art/Animations/BotController.controller
  artifactKey: Guid(826922af3310f0c41b593c47b7fe2a85) Importer(815301076,1909f56bfc062723c751e8b465ee728b)
Start importing Assets/Art/Animations/BotController.controller using Guid(826922af3310f0c41b593c47b7fe2a85) Importer(815301076,1909f56bfc062723c751e8b465ee728b)  -> (artifact id: 'e822958b6e35f3e4787923aa44da763a') in 0.030000 seconds 
  Import took 0.040418 seconds .

========================================================================
Received Prepare
Registering precompiled user dll's ...
Registered in 0.014382 seconds.
Begin MonoManager ReloadAssembly
Native extension for WindowsStandalone target not found
Refreshing native plugins compatible for Editor in 1.00 ms, found 3 plugins.
Preloading 0 native plugins for Editor in 0.00 ms.
Mono: successfully reloaded assembly
- Completed reload, in  2.538 seconds
Domain Reload Profiling:
	ReloadAssembly (2539ms)
		BeginReloadAssembly (277ms)
			ExecutionOrderSort (0ms)
			DisableScriptedObjects (15ms)
			BackupInstance (0ms)
			ReleaseScriptingObjects (0ms)
			CreateAndSetChildDomain (78ms)
		EndReloadAssembly (2102ms)
			LoadAssemblies (258ms)
			RebuildTransferFunctionScriptingTraits (0ms)
			SetupTypeCache (755ms)
			ReleaseScriptCaches (2ms)
			RebuildScriptCaches (102ms)
			SetupLoadedEditorAssemblies (751ms)
				LogAssemblyErrors (0ms)
				InitializePlatformSupportModulesInManaged (11ms)
				SetLoadedEditorAssemblies (1ms)
				RefreshPlugins (1ms)
				BeforeProcessingInitializeOnLoad (176ms)
				ProcessInitializeOnLoadAttributes (512ms)
				ProcessInitializeOnLoadMethodAttributes (29ms)
				AfterProcessingInitializeOnLoad (21ms)
				EditorAssembliesLoaded (0ms)
			ExecutionOrderSort2 (0ms)
			AwakeInstancesAfterBackupRestoration (24ms)
Platform modules already initialized, skipping
Refreshing native plugins compatible for Editor in 1.04 ms, found 3 plugins.
Preloading 0 native plugins for Editor in 0.00 ms.
Unloading 2196 Unused Serialized files (Serialized files now loaded: 0)
System memory in use before: 99.3 MB.
System memory in use after: 99.2 MB.

Unloading 23 unused Assets to reduce memory usage. Loaded Objects now: 2641.
Total: 6.054200 ms (FindLiveObjects: 0.275400 ms CreateObjectMapping: 0.153500 ms MarkObjects: 5.389200 ms  DeleteObjects: 0.234500 ms)

AssetImportParameters requested are different than current active one (requested -> active):
  custom:framework-win-MediaFoundation: 216162199b28c13a410421893ffa2e32 -> 
  custom:video-decoder-ogg-theora: a1e56fd34408186e4bbccfd4996cb3dc -> 
  custom:container-muxer-webm: aa71ff27fc2769a1b78a27578f13a17b -> 
  custom:container-demuxer-webm: 4f35f7cbe854078d1ac9338744f61a02 -> 
  custom:container-demuxer-ogg: 62fdf1f143b41e24485cea50d1cbac27 -> 
  custom:video-encoder-webm-vp8: eb34c28f22e8b96e1ab97ce403110664 -> 
  custom:video-decoder-webm-vp8: 9c59270c3fd7afecdb556c50c9e8de78 -> 
  custom:audio-decoder-ogg-vorbis: bf7c407c2cedff20999df2af8eb42d56 -> 
  custom:audio-encoder-webm-vorbis: bf7c407c2cedff20999df2af8eb42d56 -> 
========================================================================
Received Import Request.
  Time since last request: 45.347184 seconds.
  path: Assets/_Prefabs/Ruby.prefab
  artifactKey: Guid(24aa2e12f655e5f4898768ee0f936031) Importer(815301076,1909f56bfc062723c751e8b465ee728b)
Start importing Assets/_Prefabs/Ruby.prefab using Guid(24aa2e12f655e5f4898768ee0f936031) Importer(815301076,1909f56bfc062723c751e8b465ee728b)  -> (artifact id: '8db65c12420b8bd771539a7197a45d67') in 0.104652 seconds 
  Import took 0.132907 seconds .

========================================================================
Received Import Request.
  Time since last request: 32.169989 seconds.
  path: Assets/Art/Animations/BotDown.anim
  artifactKey: Guid(fddaf9f5e643dd54993730a3ad3d587b) Importer(815301076,1909f56bfc062723c751e8b465ee728b)
Start importing Assets/Art/Animations/BotDown.anim using Guid(fddaf9f5e643dd54993730a3ad3d587b) Importer(815301076,1909f56bfc062723c751e8b465ee728b)  -> (artifact id: 'a8d61c548f40643b4ca68c31d94bd6c6') in 0.020840 seconds 
  Import took 0.029335 seconds .

========================================================================
Received Import Request.
  Time since last request: 7.343095 seconds.
  path: Assets/_Prefabs/Ruby.prefab
  artifactKey: Guid(24aa2e12f655e5f4898768ee0f936031) Importer(815301076,1909f56bfc062723c751e8b465ee728b)
Start importing Assets/_Prefabs/Ruby.prefab using Guid(24aa2e12f655e5f4898768ee0f936031) Importer(815301076,1909f56bfc062723c751e8b465ee728b)  -> (artifact id: '790b2d3d6bce52312e9b40ab68468c84') in 0.031209 seconds 
  Import took 0.041901 seconds .

========================================================================
Received Import Request.
  Time since last request: 108.108134 seconds.
  path: Assets/Art/Animations/Ruby.controller
  artifactKey: Guid(b77822e0485373d40b5beb92e9a5e728) Importer(815301076,1909f56bfc062723c751e8b465ee728b)
Start importing Assets/Art/Animations/Ruby.controller using Guid(b77822e0485373d40b5beb92e9a5e728) Importer(815301076,1909f56bfc062723c751e8b465ee728b)  -> (artifact id: 'c4fcd81e4a2ae98a8f7cade00f6374c8') in 0.026013 seconds 
  Import took 0.046294 seconds .

========================================================================
Received Import Request.
  Time since last request: 199.220757 seconds.
  path: Assets/__Scripts/RubyController.cs
  artifactKey: Guid(d6142ce73e4c67e43803ec26475ec964) Importer(815301076,1909f56bfc062723c751e8b465ee728b)
Start importing Assets/__Scripts/RubyController.cs using Guid(d6142ce73e4c67e43803ec26475ec964) Importer(815301076,1909f56bfc062723c751e8b465ee728b)  -> (artifact id: '5511c04c43ffb07f2013fa65f096039e') in 0.020514 seconds 
  Import took 0.026045 seconds .

========================================================================
Received Prepare
Registering precompiled user dll's ...
Registered in 0.007403 seconds.
Begin MonoManager ReloadAssembly
Native extension for WindowsStandalone target not found
Refreshing native plugins compatible for Editor in 1.03 ms, found 3 plugins.
Preloading 0 native plugins for Editor in 0.00 ms.
Mono: successfully reloaded assembly
- Completed reload, in  2.503 seconds
Domain Reload Profiling:
	ReloadAssembly (2504ms)
		BeginReloadAssembly (223ms)
			ExecutionOrderSort (0ms)
			DisableScriptedObjects (10ms)
			BackupInstance (0ms)
			ReleaseScriptingObjects (0ms)
			CreateAndSetChildDomain (50ms)
		EndReloadAssembly (2082ms)
			LoadAssemblies (253ms)
			RebuildTransferFunctionScriptingTraits (0ms)
			SetupTypeCache (731ms)
			ReleaseScriptCaches (2ms)
			RebuildScriptCaches (104ms)
			SetupLoadedEditorAssemblies (746ms)
				LogAssemblyErrors (0ms)
				InitializePlatformSupportModulesInManaged (11ms)
				SetLoadedEditorAssemblies (1ms)
				RefreshPlugins (1ms)
				BeforeProcessingInitializeOnLoad (176ms)
				ProcessInitializeOnLoadAttributes (507ms)
				ProcessInitializeOnLoadMethodAttributes (29ms)
				AfterProcessingInitializeOnLoad (21ms)
				EditorAssembliesLoaded (0ms)
			ExecutionOrderSort2 (0ms)
			AwakeInstancesAfterBackupRestoration (22ms)
Platform modules already initialized, skipping
Refreshing native plugins compatible for Editor in 0.95 ms, found 3 plugins.
Preloading 0 native plugins for Editor in 0.00 ms.
Unloading 2196 Unused Serialized files (Serialized files now loaded: 0)
System memory in use before: 99.3 MB.
System memory in use after: 99.3 MB.

Unloading 23 unused Assets to reduce memory usage. Loaded Objects now: 2644.
Total: 6.074400 ms (FindLiveObjects: 0.202200 ms CreateObjectMapping: 0.121500 ms MarkObjects: 5.510700 ms  DeleteObjects: 0.238200 ms)

AssetImportParameters requested are different than current active one (requested -> active):
  custom:framework-win-MediaFoundation: 216162199b28c13a410421893ffa2e32 -> 
  custom:video-decoder-ogg-theora: a1e56fd34408186e4bbccfd4996cb3dc -> 
  custom:container-muxer-webm: aa71ff27fc2769a1b78a27578f13a17b -> 
  custom:container-demuxer-webm: 4f35f7cbe854078d1ac9338744f61a02 -> 
  custom:container-demuxer-ogg: 62fdf1f143b41e24485cea50d1cbac27 -> 
  custom:video-encoder-webm-vp8: eb34c28f22e8b96e1ab97ce403110664 -> 
  custom:video-decoder-webm-vp8: 9c59270c3fd7afecdb556c50c9e8de78 -> 
  custom:audio-decoder-ogg-vorbis: bf7c407c2cedff20999df2af8eb42d56 -> 
  custom:audio-encoder-webm-vorbis: bf7c407c2cedff20999df2af8eb42d56 -> 
========================================================================
Received Import Request.
  Time since last request: 535.184737 seconds.
  path: Assets/__Scripts/RubyController.cs
  artifactKey: Guid(d6142ce73e4c67e43803ec26475ec964) Importer(815301076,1909f56bfc062723c751e8b465ee728b)
Start importing Assets/__Scripts/RubyController.cs using Guid(d6142ce73e4c67e43803ec26475ec964) Importer(815301076,1909f56bfc062723c751e8b465ee728b)  -> (artifact id: '000f219f78a5679d4c2878009c2d8016') in 0.012090 seconds 
  Import took 0.021765 seconds .

